{
  "RSpec": {
    "coverage": {
      "/home/piotr/rails_apps/internship_project/spec/controllers/comments_controller_spec.rb": [
        1,
        null,
        1,
        null,
        1,
        7,
        2,
        4,
        3,
        7,
        7,
        7,
        null,
        1,
        2,
        1,
        1,
        4,
        null,
        null,
        null,
        1,
        3,
        1,
        1,
        1,
        null,
        null,
        1,
        1,
        1,
        1,
        null,
        null,
        null,
        1,
        3,
        1,
        1,
        1,
        1,
        4,
        null,
        null,
        1,
        1,
        1,
        1,
        null,
        null,
        1,
        1,
        1,
        1,
        null,
        null,
        null,
        null
      ],
      "/home/piotr/rails_apps/internship_project/spec/rails_helper.rb": [
        null,
        1,
        1,
        1,
        null,
        1,
        1,
        null,
        null,
        null,
        null,
        null,
        null,
        null,
        null,
        null,
        null,
        null,
        null,
        null,
        null,
        null,
        null,
        null,
        null,
        null,
        1,
        null,
        1,
        null,
        1,
        null,
        null,
        null,
        null,
        1,
        null,
        null,
        null,
        null,
        null,
        null,
        null,
        null,
        null,
        null,
        null,
        null,
        null,
        null,
        1,
        null,
        null,
        1,
        null,
        null,
        null,
        null,
        1,
        3,
        3,
        3,
        null,
        null,
        null,
        1,
        1,
        null,
        null,
        1,
        null,
        null,
        1,
        1,
        null,
        1,
        null,
        null,
        1,
        null,
        null,
        null
      ],
      "/home/piotr/rails_apps/internship_project/config/environment.rb": [
        null,
        1,
        null,
        null,
        1
      ],
      "/home/piotr/rails_apps/internship_project/config/application.rb": [
        1,
        null,
        1,
        null,
        null,
        null,
        1,
        null,
        1,
        1,
        null,
        1,
        null,
        null,
        null,
        null,
        null,
        null,
        null
      ],
      "/home/piotr/rails_apps/internship_project/config/boot.rb": [
        1,
        null,
        1,
        1
      ],
      "/home/piotr/rails_apps/internship_project/config/environments/test.rb": [
        1,
        null,
        null,
        null,
        null,
        null,
        null,
        1,
        null,
        null,
        null,
        null,
        1,
        null,
        null,
        1,
        1,
        null,
        null,
        null,
        null,
        1,
        1,
        null,
        null,
        1,
        null,
        null,
        1,
        null,
        null,
        1,
        null,
        1,
        null,
        null,
        null,
        null,
        1,
        1,
        null,
        null,
        1,
        null,
        null,
        null,
        null
      ],
      "/home/piotr/rails_apps/internship_project/config/initializers/application_controller_renderer.rb": [
        null,
        null,
        null,
        null,
        null,
        null,
        null,
        null
      ],
      "/home/piotr/rails_apps/internship_project/config/initializers/assets.rb": [
        null,
        null,
        null,
        1,
        null,
        null,
        null,
        null,
        1,
        null,
        null,
        null,
        null,
        null
      ],
      "/home/piotr/rails_apps/internship_project/config/initializers/backtrace_silencers.rb": [
        null,
        null,
        null,
        null,
        null,
        null,
        null
      ],
      "/home/piotr/rails_apps/internship_project/config/initializers/content_security_policy.rb": [
        null,
        null,
        null,
        null,
        null,
        null,
        null,
        null,
        null,
        null,
        null,
        null,
        null,
        null,
        null,
        null,
        null,
        null,
        null,
        null,
        null,
        null,
        null,
        null,
        null
      ],
      "/home/piotr/rails_apps/internship_project/config/initializers/cookies_serializer.rb": [
        null,
        null,
        null,
        null,
        1
      ],
      "/home/piotr/rails_apps/internship_project/config/initializers/devise.rb": [
        null,
        null,
        null,
        null,
        1,
        null,
        null,
        null,
        null,
        null,
        null,
        null,
        null,
        null,
        null,
        null,
        null,
        null,
        null,
        null,
        1,
        null,
        null,
        null,
        null,
        null,
        null,
        null,
        null,
        null,
        null,
        null,
        1,
        null,
        null,
        null,
        null,
        null,
        null,
        null,
        null,
        null,
        null,
        null,
        null,
        null,
        null,
        null,
        null,
        null,
        null,
        null,
        null,
        null,
        1,
        null,
        null,
        null,
        null,
        1,
        null,
        null,
        null,
        null,
        null,
        null,
        null,
        null,
        null,
        null,
        null,
        null,
        null,
        null,
        null,
        null,
        null,
        null,
        null,
        null,
        null,
        null,
        null,
        null,
        null,
        null,
        null,
        null,
        null,
        null,
        1,
        null,
        null,
        null,
        null,
        null,
        null,
        null,
        null,
        null,
        null,
        null,
        null,
        null,
        null,
        null,
        null,
        null,
        null,
        null,
        null,
        null,
        null,
        1,
        null,
        null,
        null,
        null,
        null,
        null,
        null,
        null,
        null,
        null,
        null,
        null,
        null,
        null,
        null,
        null,
        null,
        null,
        null,
        null,
        null,
        null,
        null,
        null,
        null,
        null,
        null,
        null,
        null,
        null,
        1,
        null,
        null,
        null,
        null,
        null,
        null,
        null,
        null,
        null,
        1,
        null,
        null,
        null,
        null,
        null,
        null,
        null,
        null,
        null,
        null,
        1,
        null,
        null,
        null,
        null,
        1,
        null,
        null,
        null,
        null,
        null,
        null,
        null,
        null,
        null,
        null,
        1,
        null,
        null,
        1,
        null,
        null,
        null,
        null,
        null,
        null,
        1,
        null,
        null,
        null,
        null,
        null,
        null,
        null,
        null,
        null,
        null,
        null,
        null,
        null,
        null,
        null,
        null,
        null,
        null,
        null,
        1,
        null,
        null,
        null,
        null,
        null,
        null,
        null,
        null,
        null,
        null,
        null,
        null,
        null,
        null,
        null,
        null,
        null,
        null,
        null,
        null,
        null,
        null,
        null,
        null,
        null,
        null,
        null,
        null,
        null,
        null,
        null,
        null,
        null,
        null,
        null,
        null,
        null,
        null,
        null,
        null,
        null,
        1,
        null,
        null,
        null,
        null,
        null,
        null,
        null,
        null,
        null,
        null,
        null,
        null,
        null,
        null,
        null,
        null,
        null,
        null,
        null,
        null,
        null,
        null,
        null,
        null,
        null,
        null,
        null,
        null,
        null,
        null,
        1,
        null
      ],
      "/home/piotr/rails_apps/internship_project/config/initializers/filter_parameter_logging.rb": [
        null,
        null,
        null,
        1
      ],
      "/home/piotr/rails_apps/internship_project/config/initializers/inflections.rb": [
        null,
        null,
        null,
        null,
        null,
        null,
        null,
        null,
        null,
        null,
        null,
        null,
        null,
        null,
        null,
        null
      ],
      "/home/piotr/rails_apps/internship_project/config/initializers/mime_types.rb": [
        null,
        null,
        null,
        null
      ],
      "/home/piotr/rails_apps/internship_project/config/initializers/recaptcha.rb": [
        1,
        1,
        0,
        0,
        null,
        1,
        1,
        null,
        null,
        null,
        null
      ],
      "/home/piotr/rails_apps/internship_project/config/initializers/slack.rb": [
        null,
        null,
        null,
        null,
        null,
        null,
        null,
        null,
        null,
        1,
        1,
        null
      ],
      "/home/piotr/rails_apps/internship_project/config/initializers/wrap_parameters.rb": [
        null,
        null,
        null,
        null,
        null,
        null,
        1,
        2,
        null,
        null,
        null,
        null,
        null,
        null
      ],
      "/home/piotr/rails_apps/internship_project/spec/factories/comments.rb": [
        1,
        1,
        4,
        1,
        1,
        null,
        null
      ],
      "/home/piotr/rails_apps/internship_project/spec/factories/departments.rb": [
        1,
        1,
        1,
        null,
        1,
        1,
        null,
        null,
        null,
        null
      ],
      "/home/piotr/rails_apps/internship_project/spec/factories/roles.rb": [
        1,
        1,
        null,
        1,
        null,
        1,
        1,
        null,
        null,
        1,
        1,
        null,
        null,
        1,
        1,
        null,
        null,
        null
      ],
      "/home/piotr/rails_apps/internship_project/spec/factories/statuses.rb": [
        1,
        1,
        1,
        null,
        1,
        1,
        null,
        null,
        1,
        1,
        null,
        null,
        1,
        1,
        null,
        null,
        null
      ],
      "/home/piotr/rails_apps/internship_project/spec/factories/tickets.rb": [
        1,
        1,
        77,
        83,
        1,
        1,
        1,
        1,
        1,
        null,
        null,
        1,
        1,
        null,
        null,
        1,
        1,
        null,
        null,
        1,
        1,
        null,
        null,
        null,
        null
      ],
      "/home/piotr/rails_apps/internship_project/spec/factories/users.rb": [
        1,
        1,
        241,
        233,
        233,
        1,
        241,
        1,
        null,
        1,
        1,
        null,
        null,
        1,
        1,
        null,
        null,
        1,
        1,
        null,
        null,
        null
      ],
      "/home/piotr/rails_apps/internship_project/config/routes.rb": [
        1,
        1,
        1,
        1,
        1,
        1,
        null,
        null,
        null,
        null,
        null,
        1,
        null,
        null,
        1,
        1,
        1,
        1,
        1,
        1,
        1,
        1,
        1,
        1,
        null,
        null,
        1,
        1,
        1,
        null,
        null,
        null
      ],
      "/home/piotr/rails_apps/internship_project/app/models/user.rb": [
        1,
        1,
        null,
        null,
        null,
        1,
        1,
        1,
        1,
        null,
        1,
        null,
        3,
        3,
        2,
        2,
        2,
        2,
        null,
        1,
        34,
        null,
        null,
        1,
        26,
        null,
        null,
        1,
        27,
        null,
        null,
        1,
        15,
        null,
        null,
        1,
        16,
        null,
        null,
        1,
        8,
        null,
        null,
        1,
        3,
        null,
        null,
        1,
        null,
        1,
        244,
        null,
        null
      ],
      "/home/piotr/rails_apps/internship_project/app/models/application_record.rb": [
        1,
        1,
        null
      ],
      "/home/piotr/rails_apps/internship_project/app/helpers/application_helper.rb": [
        1,
        null
      ],
      "/home/piotr/rails_apps/internship_project/app/controllers/comments_controller.rb": [
        1,
        1,
        6,
        6,
        5,
        5,
        5,
        3,
        3,
        3,
        3,
        3,
        1,
        null,
        3,
        4,
        null,
        6,
        3,
        null,
        4,
        null,
        null,
        null,
        null,
        1,
        null,
        1,
        5,
        null,
        null
      ],
      "/home/piotr/rails_apps/internship_project/app/controllers/application_controller.rb": [
        1,
        1,
        1,
        1,
        null,
        1,
        null,
        1,
        13,
        null,
        null,
        1,
        0,
        0,
        null,
        null,
        null,
        null,
        null
      ],
      "/home/piotr/rails_apps/internship_project/spec/controllers/home_controller_spec.rb": [
        1,
        null,
        1,
        null,
        1,
        3,
        2,
        null,
        1,
        1,
        1,
        null,
        null,
        1,
        1,
        null,
        null,
        null,
        null,
        null
      ],
      "/home/piotr/rails_apps/internship_project/app/controllers/home_controller.rb": [
        1,
        1,
        null,
        1,
        2,
        1,
        null,
        1,
        null,
        null,
        null
      ],
      "/home/piotr/rails_apps/internship_project/spec/controllers/tickets_controller_spec.rb": [
        1,
        null,
        1,
        null,
        6,
        35,
        null,
        1,
        1,
        5,
        5,
        null,
        null,
        1,
        2,
        2,
        null,
        null,
        1,
        2,
        2,
        2,
        null,
        1,
        1,
        null,
        null,
        null,
        1,
        2,
        2,
        2,
        2,
        null,
        1,
        1,
        1,
        1,
        null,
        null,
        null,
        1,
        2,
        2,
        2,
        2,
        null,
        1,
        1,
        1,
        1,
        null,
        null,
        null,
        null,
        1,
        3,
        1,
        2,
        2,
        null,
        null,
        1,
        2,
        2,
        null,
        null,
        null,
        1,
        1,
        4,
        4,
        null,
        null,
        1,
        2,
        2,
        null,
        null,
        1,
        2,
        2,
        null,
        null,
        null,
        1,
        6,
        6,
        6,
        4,
        3,
        null,
        1,
        4,
        null,
        1,
        1,
        null,
        null,
        1,
        1,
        1,
        null,
        null,
        1,
        4,
        null,
        null,
        null,
        1,
        3,
        null,
        1,
        1,
        null,
        null,
        1,
        1,
        1,
        null,
        null,
        null,
        null,
        null,
        1,
        1,
        13,
        13,
        13,
        13,
        null,
        1,
        4,
        4,
        null,
        1,
        1,
        null,
        null,
        1,
        1,
        1,
        null,
        null,
        1,
        1,
        1,
        null,
        null,
        null,
        1,
        4,
        4,
        4,
        10,
        null,
        1,
        4,
        1,
        1,
        null,
        null,
        1,
        1,
        1,
        null,
        null,
        1,
        1,
        1,
        null,
        null,
        null,
        1,
        4,
        1,
        1,
        null,
        null,
        1,
        1,
        1,
        null,
        null,
        1,
        1,
        1,
        null,
        null,
        null,
        1,
        4,
        1,
        1,
        null,
        null,
        1,
        1,
        1,
        null,
        null,
        1,
        1,
        1,
        null,
        null,
        null,
        null,
        null,
        null,
        1,
        4,
        4,
        4,
        4,
        11,
        null,
        1,
        3,
        1,
        2,
        2,
        null,
        null,
        1,
        1,
        null,
        null,
        1,
        1,
        null,
        null,
        null,
        1,
        3,
        3,
        null,
        1,
        1,
        null,
        null,
        1,
        1,
        1,
        null,
        null,
        null,
        1,
        3,
        1,
        2,
        2,
        null,
        null,
        1,
        1,
        null,
        null,
        1,
        1,
        null,
        null,
        null,
        1,
        3,
        1,
        2,
        2,
        null,
        null,
        1,
        1,
        null,
        null,
        1,
        1,
        null,
        null,
        null,
        1,
        3,
        1,
        2,
        2,
        null,
        null,
        1,
        1,
        null,
        null,
        1,
        1,
        null,
        null,
        null,
        null,
        null,
        null
      ],
      "/home/piotr/rails_apps/internship_project/app/controllers/tickets_controller.rb": [
        1,
        null,
        1,
        5,
        null,
        5,
        5,
        0,
        0,
        0,
        0,
        null,
        null,
        5,
        null,
        0,
        null,
        0,
        null,
        0,
        null,
        0,
        null,
        null,
        5,
        null,
        0,
        null,
        0,
        null,
        0,
        null,
        0,
        null,
        0,
        null,
        0,
        null,
        5,
        null,
        null,
        5,
        null,
        null,
        1,
        2,
        2,
        2,
        2,
        null,
        null,
        1,
        4,
        4,
        null,
        null,
        1,
        5,
        5,
        3,
        null,
        2,
        2,
        null,
        null,
        null,
        1,
        12,
        12,
        12,
        12,
        9,
        null,
        3,
        null,
        null,
        null,
        1,
        10,
        8,
        8,
        8,
        2,
        6,
        2,
        null,
        null,
        null,
        1,
        null,
        1,
        5,
        null,
        null
      ],
      "/home/piotr/rails_apps/internship_project/spec/controllers/users_controller_spec.rb": [
        1,
        null,
        1,
        null,
        1,
        1,
        3,
        1,
        2,
        2,
        null,
        2,
        2,
        null,
        null,
        null,
        1,
        4,
        1,
        3,
        3,
        null,
        null,
        1,
        2,
        2,
        null,
        null,
        1,
        2,
        2,
        null,
        1,
        1,
        null,
        null,
        null,
        null,
        null,
        1,
        5,
        5,
        3,
        3,
        3,
        null,
        1,
        3,
        3,
        null,
        1,
        1,
        null,
        null,
        1,
        1,
        1,
        null,
        null,
        null,
        1,
        3,
        3,
        null,
        1,
        1,
        null,
        null,
        1,
        1,
        1,
        1,
        null,
        null,
        null,
        null,
        null,
        null,
        1,
        4,
        2,
        4,
        null,
        1,
        1,
        1,
        null,
        null,
        1,
        3,
        1,
        1,
        null,
        null,
        1,
        1,
        1,
        null,
        null,
        null,
        null,
        1,
        4,
        2,
        2,
        4,
        null,
        1,
        1,
        1,
        null,
        null,
        1,
        3,
        1,
        1,
        null,
        null,
        1,
        1,
        1,
        null,
        null,
        null,
        null,
        null
      ],
      "/home/piotr/rails_apps/internship_project/app/controllers/users_controller.rb": [
        1,
        1,
        null,
        1,
        2,
        null,
        null,
        1,
        6,
        3,
        null,
        3,
        null,
        0,
        null,
        0,
        null,
        null,
        3,
        null,
        0,
        null,
        0,
        null,
        0,
        null,
        0,
        null,
        null,
        3,
        null,
        null,
        1,
        4,
        4,
        4,
        4,
        2,
        null,
        4,
        null,
        null,
        null,
        null,
        1,
        3,
        1,
        1,
        1,
        2,
        1,
        null,
        null,
        null,
        1,
        3,
        1,
        1,
        1,
        2,
        1,
        null,
        null,
        null,
        1,
        null,
        1,
        4,
        null,
        null
      ],
      "/home/piotr/rails_apps/internship_project/spec/jobs/comment_broadcast_job_spec.rb": [
        1,
        null,
        1,
        1,
        2,
        null,
        1,
        1,
        2,
        null,
        null,
        null
      ],
      "/home/piotr/rails_apps/internship_project/app/jobs/comment_broadcast_job.rb": [
        1,
        1,
        null,
        1,
        3,
        null,
        null,
        1,
        null,
        1,
        3,
        null,
        null
      ],
      "/home/piotr/rails_apps/internship_project/app/jobs/application_job.rb": [
        1,
        null
      ],
      "/home/piotr/rails_apps/internship_project/spec/models/comment_spec.rb": [
        1,
        null,
        1,
        null,
        1,
        1,
        1,
        null,
        null,
        null,
        1,
        2,
        null,
        null,
        1,
        2,
        2,
        null,
        null,
        1,
        1,
        1,
        1,
        null,
        null,
        null,
        1,
        1,
        2,
        3,
        3,
        null,
        1,
        2,
        1,
        1,
        1,
        null,
        null,
        null,
        1,
        2,
        1,
        1,
        1,
        null,
        null,
        null,
        null,
        null,
        null,
        null
      ],
      "/home/piotr/rails_apps/internship_project/app/models/comment.rb": [
        1,
        1,
        null,
        1,
        1,
        1,
        null,
        7,
        null,
        1,
        5,
        5,
        null,
        null
      ],
      "/home/piotr/rails_apps/internship_project/spec/models/department_spec.rb": [
        1,
        null,
        1,
        null,
        1,
        1,
        1,
        null,
        null,
        null,
        1,
        2,
        2,
        null,
        null,
        1,
        2,
        null,
        null,
        null
      ],
      "/home/piotr/rails_apps/internship_project/app/models/department.rb": [
        1,
        1,
        null,
        1,
        null
      ],
      "/home/piotr/rails_apps/internship_project/spec/models/role_spec.rb": [
        1,
        null,
        1,
        null,
        1,
        1,
        1,
        null,
        null,
        null,
        1,
        2,
        null,
        null,
        null
      ],
      "/home/piotr/rails_apps/internship_project/app/models/role.rb": [
        1,
        1,
        null
      ],
      "/home/piotr/rails_apps/internship_project/spec/models/status_spec.rb": [
        1,
        null,
        1,
        null,
        1,
        1,
        1,
        null,
        null,
        null,
        1,
        2,
        null,
        null,
        null
      ],
      "/home/piotr/rails_apps/internship_project/app/models/status.rb": [
        1,
        1,
        null
      ],
      "/home/piotr/rails_apps/internship_project/spec/models/ticket_spec.rb": [
        1,
        null,
        1,
        null,
        1,
        28,
        23,
        null,
        1,
        2,
        2,
        2,
        2,
        2,
        null,
        null,
        null,
        1,
        1,
        1,
        null,
        null,
        null,
        1,
        2,
        2,
        2,
        2,
        null,
        null,
        1,
        null,
        11,
        null,
        1,
        2,
        null,
        1,
        1,
        null,
        null,
        1,
        1,
        1,
        null,
        null,
        null,
        1,
        2,
        null,
        1,
        1,
        1,
        null,
        null,
        null,
        1,
        2,
        null,
        1,
        1,
        1,
        null,
        null,
        null,
        1,
        4,
        4,
        null,
        1,
        3,
        null,
        1,
        1,
        null,
        null,
        1,
        1,
        null,
        null,
        null,
        1,
        3,
        null,
        1,
        1,
        null,
        null,
        1,
        1,
        null,
        null,
        null,
        1,
        3,
        null,
        1,
        1,
        null,
        null,
        1,
        1,
        null,
        null,
        null,
        null,
        null,
        1,
        2,
        2,
        2,
        2,
        null,
        1,
        1,
        null,
        null,
        null,
        1,
        1,
        1,
        1,
        null,
        null,
        null,
        1,
        null,
        1,
        3,
        3,
        null,
        1,
        1,
        1,
        null,
        null,
        1,
        1,
        1,
        null,
        null,
        null,
        1,
        5,
        5,
        5,
        5,
        null,
        1,
        1,
        1,
        null,
        null,
        1,
        1,
        1,
        null,
        null,
        1,
        1,
        1,
        null,
        null,
        1,
        1,
        1,
        null,
        null,
        null,
        1,
        5,
        5,
        2,
        2,
        null,
        1,
        1,
        1,
        null,
        null,
        1,
        1,
        1,
        null,
        null,
        1,
        1,
        1,
        null,
        null,
        1,
        1,
        1,
        null,
        null,
        1,
        1,
        1,
        null,
        null,
        null,
        null,
        null,
        null
      ],
      "/home/piotr/rails_apps/internship_project/app/models/ticket.rb": [
        1,
        1,
        1,
        1,
        1,
        1,
        null,
        1,
        1,
        1,
        null,
        1,
        null,
        5,
        5,
        7,
        2,
        2,
        1,
        1,
        2,
        2,
        3,
        3,
        3,
        3,
        null,
        1,
        4,
        null,
        null,
        1,
        3,
        null,
        null,
        1,
        8,
        null,
        null,
        1,
        8,
        4,
        3,
        null,
        null,
        1,
        3,
        3,
        0,
        null,
        null,
        null,
        1,
        null,
        1,
        125,
        null,
        null,
        1,
        41,
        null,
        null
      ],
      "/home/piotr/rails_apps/internship_project/spec/models/user_spec.rb": [
        1,
        null,
        1,
        null,
        1,
        2,
        2,
        1,
        1,
        null,
        null,
        1,
        1,
        null,
        null,
        null,
        1,
        1,
        1,
        null,
        null,
        null,
        1,
        2,
        2,
        2,
        2,
        null,
        null,
        1,
        2,
        2,
        2,
        null,
        null,
        1,
        2,
        1,
        1,
        null,
        null,
        null,
        1,
        14,
        14,
        14,
        14,
        13,
        null,
        1,
        1,
        1,
        null,
        null,
        1,
        1,
        1,
        null,
        null,
        null,
        1,
        1,
        1,
        1,
        null,
        null,
        1,
        1,
        null,
        null,
        null,
        1,
        1,
        1,
        1,
        null,
        null,
        1,
        1,
        null,
        null,
        null,
        1,
        1,
        1,
        1,
        null,
        null,
        1,
        1,
        null,
        null,
        null,
        1,
        1,
        1,
        1,
        1,
        null,
        null,
        null,
        1,
        1,
        1,
        1,
        null,
        null,
        null,
        1,
        2,
        1,
        1,
        null,
        null,
        null,
        1,
        1,
        1,
        null,
        null,
        null,
        1,
        1,
        1,
        null,
        null,
        null,
        null,
        1,
        null,
        1,
        3,
        3,
        3,
        null,
        1,
        1,
        1,
        null,
        null,
        1,
        1,
        1,
        null,
        null,
        null,
        1,
        5,
        5,
        null,
        1,
        1,
        1,
        null,
        null,
        1,
        1,
        1,
        null,
        null,
        1,
        1,
        1,
        null,
        null,
        1,
        1,
        1,
        null,
        null,
        null,
        null,
        null,
        null
      ],
      "/home/piotr/rails_apps/internship_project/app/services/slack_service.rb": [
        1,
        null,
        1,
        null,
        1,
        4,
        4,
        null,
        null,
        5,
        null,
        4,
        0,
        0,
        0,
        4,
        4,
        null,
        null,
        null,
        1,
        null,
        1,
        4,
        104,
        4,
        0,
        null,
        null
      ]
    },
    "timestamp": 1533287059
  }
}
